
ROM used:   504/7936 (6%)
            504/7936 (6%) including unused fragments

            0.5 Average locations per line
            3.2 Average locations per statement

RAM used:   9/357 (3%) at main() level
            15/357 (4%) worst case

Stack used: 2 worst case (2 in main + 0 for interrupts)
Stack size: 7

Lines Stmts  %   Files
----- ----- ---  -----
  351   156 100  tank.c
  710     0   0  ..\..\..\..\..\Program Files (x86)\PICCDEMO\Devices\16F877A.h
   56     0   0  tank.h
----- -----
 1117   156 Total

Page ROM  %  RAM    Vol Diff  Functions:
---- --- --- ---    --- ----  ----------
0     20   4    1             @delay_ms1
0     48  10    0    233  2.4  setup
0     28   6    0     50  1.3  MAIN
0    211  42    1    611  4.7  hc06
 Inline         1     90  2.5  servo_namlu_yukari
 Inline         1     90  2.5  servo_namlu_asagi
 Inline         0     48  1.1  servo_kule_sag
 Inline         0     48  1.1  servo_kule_sol
0     68  13    2     74  3.1  aciToDuty
 Inline         2             @MUL88
 Inline         3             @DIV88
0      9   2    0     32  1.0  SOL_ILERI
 Inline         0     32  1.0  SOL_GERI
0      9   2    0     32  1.0  SAG_ILERI
 Inline         0     32  1.0  SAG_GERI
0      3   1    0     21  1.0  ILERI
0     17   3    0     67  1.2  DUR
 Inline         1     48  1.1  ATES_ET
 Inline         1     48  1.1  KORNA_SES
0     12   2    1     61  2.5  SUREKLI_ENGEL_KONTROL
 Inline         1    811  3.8  LABIRENT_KURTUL
0     25   5    1    100  1.3  LAB_SAG_DON
0     25   5    1    100  1.3  LAB_180at
0     25   5    1    100  1.3  LAB_SOL_DON
 Inline         0             @cinit1

Program metrics:
    Functions               21
    Statements              156
    Comments                258
    Volume (V)              5021
    Difficulty (D)          38.4
    Effort to implement (E) 193035
    Time to implement (T)   2 hours, 59 minutes
    Est Delivered Bugs (B)  1
    Cyclomatic Complexity   23
    Maintainability (MI)    72

 Segment     Used  Free
-----------  ----  ----
00000-00003     4  0  
00004-007FF   500  1544  
00800-00FFF     0  2048  
01000-017FF     0  2048  
01800-01EFF     0  1792  



